#
# A fatal error has been detected by the Java Runtime Environment:
#
#  EXCEPTION_ACCESS_VIOLATION (0xc0000005) at pc=0x0000000180005b00, pid=37100, tid=51800
#
# JRE version: Java(TM) SE Runtime Environment (9.0+11) (build 9.0.1+11)
# Java VM: Java HotSpot(TM) 64-Bit Server VM (9.0.1+11, mixed mode, tiered, compressed oops, g1 gc, windows-amd64)
# Problematic frame:
# C  [rxtxSerial.dll+0x5b00]
#
# No core dump will be written. Minidumps are not enabled by default on client versions of Windows
#
# If you would like to submit a bug report, please visit:
#   http://bugreport.java.com/bugreport/crash.jsp
# The crash happened outside the Java Virtual Machine in native code.
# See problematic frame for where to report the bug.
#

---------------  S U M M A R Y ------------

Command Line: -Djava.library.path=C:\Users\josea\Documents\GitHub\JFreeChart-Graph\lib -javaagent:C:\Program Files\JetBrains\IntelliJ IDEA 2017.2.6\lib\idea_rt.jar=59851:C:\Program Files\JetBrains\IntelliJ IDEA 2017.2.6\bin -Dfile.encoding=UTF-8 com.company.DynamicDataDemo

Host: Intel(R) Core(TM) i7-6700HQ CPU @ 2.60GHz, 8 cores, 15G,  Windows 10 , 64 bit Build 16299 (10.0.16299.15)
Time: Wed Apr 04 14:33:49 2018 Hora estándar, América Central elapsed time: 2 seconds (0d 0h 0m 2s)

---------------  T H R E A D  ---------------

Current thread (0x000001fe8f178800):  JavaThread "Thread-0" [_thread_in_native, id=51800, stack(0x000000df54c00000,0x000000df54d00000)]

Stack: [0x000000df54c00000,0x000000df54d00000],  sp=0x000000df54cfded0,  free space=1015k
Native frames: (J=compiled Java code, j=interpreted, Vv=VM code, C=native code)
C  [rxtxSerial.dll+0x5b00]
C  [rxtxSerial.dll+0x6211]
C  0x000001fe8001921c

Java frames: (J=compiled Java code, j=interpreted, Vv=VM code)
j  gnu.io.RXTXPort.readArray([BII)I+0
j  gnu.io.RXTXPort$SerialInputStream.read([BII)I+212
j  sun.nio.cs.StreamDecoder.readBytes()I+135 java.base@9.0.1
j  sun.nio.cs.StreamDecoder.implRead([CII)I+112 java.base@9.0.1
j  sun.nio.cs.StreamDecoder.read([CII)I+180 java.base@9.0.1
j  java.io.InputStreamReader.read([CII)I+7 java.base@9.0.1
j  java.io.BufferedReader.fill()V+145 java.base@9.0.1
J 991 c2 java.io.BufferedReader.readLine(Z)Ljava/lang/String; java.base@9.0.1 (304 bytes) @ 0x000001fe87b2eafc [0x000001fe87b2e4a0+0x000000000000065c]
J 990 c1 java.io.BufferedReader.readLine()Ljava/lang/String; java.base@9.0.1 (6 bytes) @ 0x000001fe80762bbc [0x000001fe80762b40+0x000000000000007c]
j  com.company.ArduinoCom.serialEvent(Lgnu/io/SerialPortEvent;)V+11
j  gnu.io.RXTXPort.sendEvent(IZ)Z+382
v  ~StubRoutines::call_stub
j  gnu.io.RXTXPort.eventLoop()V+0
j  gnu.io.RXTXPort$MonitorThread.run()V+12
v  ~StubRoutines::call_stub

siginfo: EXCEPTION_ACCESS_VIOLATION (0xc0000005), reading address 0x0000000054cfed08


Register to memory mapping:

RIP=0x0000000180005b00 rxtxSerial.dll
RAX=0x0000000000000001 is an unknown value
RBX=0x0000000000000000 is an unknown value
RCX=0x000000018001d4d5 rxtxSerial.dll
RDX=0xfffffffffffff665 is an unknown value
RSP=0x000000df54cfded0 is pointing into the stack for thread: 0x000001fe8f178800
RBP=0x00000000ffffffff is an unknown value
RSI=0x0000000000000000 is an unknown value
RDI=0x000001fe8f178a18 is an unknown value
R8 =0x0000000000000002 is an unknown value
R9 =0xfffffffffffff63c is an unknown value
R10=0x0000000000000008 is an unknown value
R11=0x8101010101010100 is an unknown value
R12=0x0000000054cfed00 is an unknown value
R13=0x0000000000000028 is an unknown value
R14=0x000000df54cfe0c0 is pointing into the stack for thread: 0x000001fe8f178800
R15=0x0000000000000000 is an unknown value


Registers:
RAX=0x0000000000000001, RBX=0x0000000000000000, RCX=0x000000018001d4d5, RDX=0xfffffffffffff665
RSP=0x000000df54cfded0, RBP=0x00000000ffffffff, RSI=0x0000000000000000, RDI=0x000001fe8f178a18
R8 =0x0000000000000002, R9 =0xfffffffffffff63c, R10=0x0000000000000008, R11=0x8101010101010100
R12=0x0000000054cfed00, R13=0x0000000000000028, R14=0x000000df54cfe0c0, R15=0x0000000000000000
RIP=0x0000000180005b00, EFLAGS=0x0000000000010202

Top of Stack: (sp=0x000000df54cfded0)
0x000000df54cfded0:   0000000000000000 0000000000000000
0x000000df54cfdee0:   000000df54cfe0c8 0000000000000000
0x000000df54cfdef0:   0000000000000000 000000df54cfe0c0
0x000000df54cfdf00:   000001feff7f6708 0000000000000001
0x000000df54cfdf10:   000001fe8f178a18 0000000000000028
0x000000df54cfdf20:   ffffffffffffffff 0000000180006211
0x000000df54cfdf30:   000001fe90b69060 0000000000000028
0x000000df54cfdf40:   0000000000000001 000001fe90b69060
0x000000df54cfdf50:   0000000000000028 00000000ffffffff
0x000000df54cfdf60:   000000df54cfe0c8 000001feff7f6710
0x000000df54cfdf70:   000001fe8f178800 000001fe8f186550
0x000000df54cfdf80:   000001fe8f154db0 000000006e678bf0
0x000000df54cfdf90:   000000df54cfe938 000000006e883f76
0x000000df54cfdfa0:   0000000000000000 0000ce4135772bd0
0x000000df54cfdfb0:   000001feff7f6710 000001feff7f6708
0x000000df54cfdfc0:   000001fe8f178800 000000df54cfe0c8 

Instructions: (pc=0x0000000180005b00)
0x0000000180005ae0:   15 23 7a 01 00 48 8d 48 60 e8 3a 5d 00 00 4c 8b
0x0000000180005af0:   e5 8b ac 24 88 00 00 00 44 8b ac 24 80 00 00 00
0x0000000180005b00:   45 8b 74 24 08 41 89 5c 24 08 41 8b fd 85 ed 78
0x0000000180005b10:   09 ff 15 e9 14 01 00 44 8b f8 45 85 ed 7e 4a 90 



---------------  P R O C E S S  ---------------

Java Threads: ( => current thread )
  0x000001fe90cda000 JavaThread "TimerQueue" daemon [_thread_blocked, id=70336, stack(0x000000df55200000,0x000000df55300000)]
  0x000001fee5b7d000 JavaThread "DestroyJavaVM" [_thread_blocked, id=74988, stack(0x000000df52900000,0x000000df52a00000)]
  0x000001fe8f63d800 JavaThread "Thread-1" [_thread_blocked, id=26580, stack(0x000000df55100000,0x000000df55200000)]
  0x000001fe8f36b000 JavaThread "AWT-EventQueue-0" [_thread_blocked, id=65720, stack(0x000000df55000000,0x000000df55100000)]
  0x000001fe8f1c0000 JavaThread "AWT-Windows" daemon [_thread_in_native, id=60644, stack(0x000000df54f00000,0x000000df55000000)]
  0x000001fe8f173000 JavaThread "AWT-Shutdown" [_thread_blocked, id=69736, stack(0x000000df54e00000,0x000000df54f00000)]
  0x000001fe8f172000 JavaThread "Java2D Disposer" daemon [_thread_blocked, id=74104, stack(0x000000df54d00000,0x000000df54e00000)]
=>0x000001fe8f178800 JavaThread "Thread-0" [_thread_in_native, id=51800, stack(0x000000df54c00000,0x000000df54d00000)]
  0x000001feffab9000 JavaThread "Service Thread" daemon [_thread_blocked, id=65492, stack(0x000000df54a00000,0x000000df54b00000)]
  0x000001feffab8800 JavaThread "Monitor Ctrl-Break" daemon [_thread_in_native, id=57744, stack(0x000000df54900000,0x000000df54a00000)]
  0x000001feff980000 JavaThread "Common-Cleaner" daemon [_thread_blocked, id=58844, stack(0x000000df54800000,0x000000df54900000)]
  0x000001feff911000 JavaThread "Sweeper thread" daemon [_thread_blocked, id=79404, stack(0x000000df54700000,0x000000df54800000)]
  0x000001feff8f8800 JavaThread "C1 CompilerThread3" daemon [_thread_blocked, id=57528, stack(0x000000df54600000,0x000000df54700000)]
  0x000001feff8b3000 JavaThread "C2 CompilerThread2" daemon [_thread_blocked, id=75508, stack(0x000000df54500000,0x000000df54600000)]
  0x000001feff8ad000 JavaThread "C2 CompilerThread1" daemon [_thread_blocked, id=60104, stack(0x000000df54400000,0x000000df54500000)]
  0x000001feff8aa800 JavaThread "C2 CompilerThread0" daemon [_thread_blocked, id=5588, stack(0x000000df54300000,0x000000df54400000)]
  0x000001feff040800 JavaThread "Attach Listener" daemon [_thread_blocked, id=44148, stack(0x000000df54200000,0x000000df54300000)]
  0x000001feff862000 JavaThread "Signal Dispatcher" daemon [_thread_blocked, id=46304, stack(0x000000df54100000,0x000000df54200000)]
  0x000001feff032000 JavaThread "Finalizer" daemon [_thread_blocked, id=63388, stack(0x000000df54000000,0x000000df54100000)]
  0x000001feff043800 JavaThread "Reference Handler" daemon [_thread_blocked, id=69220, stack(0x000000df53f00000,0x000000df54000000)]

Other Threads:
  0x000001feff02f000 VMThread "VM Thread" [stack: 0x000000df53e00000,0x000000df53f00000] [id=66548]
  0x000001feffadf800 WatcherThread [stack: 0x000000df54b00000,0x000000df54c00000] [id=39552]
  0x000001fee5b93800 GCTaskThread "GC Thread#0" [stack: 0x000000df52a00000,0x000000df52b00000] [id=40776]
  0x000001fee5b94800 GCTaskThread "GC Thread#1" [stack: 0x000000df52b00000,0x000000df52c00000] [id=71604]
  0x000001fee5b97800 GCTaskThread "GC Thread#2" [stack: 0x000000df52c00000,0x000000df52d00000] [id=79992]
  0x000001fee5b9b000 GCTaskThread "GC Thread#3" [stack: 0x000000df52d00000,0x000000df52e00000] [id=68804]
  0x000001fee5ba1000 GCTaskThread "GC Thread#4" [stack: 0x000000df52e00000,0x000000df52f00000] [id=74616]
  0x000001fee5ba6000 GCTaskThread "GC Thread#5" [stack: 0x000000df52f00000,0x000000df53000000] [id=78588]
  0x000001fee5ba7800 GCTaskThread "GC Thread#6" [stack: 0x000000df53000000,0x000000df53100000] [id=71368]
  0x000001fee5baa000 GCTaskThread "GC Thread#7" [stack: 0x000000df53100000,0x000000df53200000] [id=73420]
  0x000001fee5c12800 ConcurrentGCThread "G1 Main Marker" [stack: 0x000000df53b00000,0x000000df53c00000] [id=69796]
  0x000001fee5c13000 ConcurrentGCThread "G1 Marker#0" [stack: 0x000000df53c00000,0x000000df53d00000] [id=76552]
  0x000001fee5c13800 ConcurrentGCThread "G1 Marker#1" [stack: 0x000000df53d00000,0x000000df53e00000] [id=66304]
  0x000001fee5bc8000 ConcurrentGCThread "G1 Refine#0" [stack: 0x000000df53900000,0x000000df53a00000] [id=73504]
  0x000001fee5bc6800 ConcurrentGCThread "G1 Refine#1" [stack: 0x000000df53800000,0x000000df53900000] [id=81840]
  0x000001fee5bc5000 ConcurrentGCThread "G1 Refine#2" [stack: 0x000000df53700000,0x000000df53800000] [id=82564]
  0x000001fee5bc3800 ConcurrentGCThread "G1 Refine#3" [stack: 0x000000df53600000,0x000000df53700000] [id=42288]
  0x000001fee5bc0000 ConcurrentGCThread "G1 Refine#4" [stack: 0x000000df53500000,0x000000df53600000] [id=51112]
  0x000001fee5bbc000 ConcurrentGCThread "G1 Refine#5" [stack: 0x000000df53400000,0x000000df53500000] [id=27056]
  0x000001fee5bae800 ConcurrentGCThread "G1 Refine#6" [stack: 0x000000df53300000,0x000000df53400000] [id=71172]
  0x000001fee5bad800 ConcurrentGCThread "G1 Refine#7" [stack: 0x000000df53200000,0x000000df53300000] [id=78936]
  0x000001fee5bcd000 ConcurrentGCThread "G1 Young RemSet Sampling" [stack: 0x000000df53a00000,0x000000df53b00000] [id=74708]

Threads with active compile tasks:

VM state:not at safepoint (normal execution)

VM Mutex/Monitor currently owned by a thread: None

Heap address: 0x00000006c2800000, size: 4056 MB, Compressed Oops mode: Zero based, Oop shift amount: 3
Narrow klass base: 0x0000000000000000, Narrow klass shift: 3
Compressed class space size: 1073741824 Address: 0x00000007c0000000

Heap:
 garbage-first heap   total 260096K, used 19029K [0x00000006c2800000, 0x00000006c29007f0, 0x00000007c0000000)
  region size 1024K, 12 young (12288K), 3 survivors (3072K)
 Metaspace       used 18427K, capacity 19386K, committed 19584K, reserved 1067008K
  class space    used 1884K, capacity 2071K, committed 2176K, reserved 1048576K
Heap Regions: E=young(eden), S=young(survivor), O=old, HS=humongous(starts), HC=humongous(continues), CS=collection set, F=free, A=archive, TS=gc time stamp, AC=allocation context, TAMS=top-at-mark-start (previous, next)
|   0|0x00000006c2800000, 0x00000006c2900000, 0x00000006c2900000|100%| O|  |TS  1|AC  0|TAMS 0x00000006c2800000, 0x00000006c2800000|
|   1|0x00000006c2900000, 0x00000006c2995400, 0x00000006c2a00000| 58%| O|  |TS  1|AC  0|TAMS 0x00000006c2900000, 0x00000006c2900000|
|   2|0x00000006c2a00000, 0x00000006c2b00000, 0x00000006c2b00000|100%|HS|  |TS  0|AC  0|TAMS 0x00000006c2a00000, 0x00000006c2a00000|
|   3|0x00000006c2b00000, 0x00000006c2c00000, 0x00000006c2c00000|100%|HC|  |TS  0|AC  0|TAMS 0x00000006c2b00000, 0x00000006c2b00000|
|   4|0x00000006c2c00000, 0x00000006c2d00000, 0x00000006c2d00000|100%|HC|  |TS  0|AC  0|TAMS 0x00000006c2c00000, 0x00000006c2c00000|
|   5|0x00000006c2d00000, 0x00000006c2e00000, 0x00000006c2e00000|100%|HS|  |TS  0|AC  0|TAMS 0x00000006c2d00000, 0x00000006c2d00000|
|   6|0x00000006c2e00000, 0x00000006c2f00000, 0x00000006c2f00000|100%|HS|  |TS  0|AC  0|TAMS 0x00000006c2e00000, 0x00000006c2e00000|
|   7|0x00000006c2f00000, 0x00000006c3000000, 0x00000006c3000000|100%|HS|  |TS  0|AC  0|TAMS 0x00000006c2f00000, 0x00000006c2f00000|
|   8|0x00000006c3000000, 0x00000006c3000000, 0x00000006c3100000|  0%| F|  |TS  0|AC  0|TAMS 0x00000006c3000000, 0x00000006c3000000|
|   9|0x00000006c3100000, 0x00000006c3100000, 0x00000006c3200000|  0%| F|  |TS  0|AC  0|TAMS 0x00000006c3100000, 0x00000006c3100000|
|  10|0x00000006c3200000, 0x00000006c3200000, 0x00000006c3300000|  0%| F|  |TS  0|AC  0|TAMS 0x00000006c3200000, 0x00000006c3200000|
|  11|0x00000006c3300000, 0x00000006c3300000, 0x00000006c3400000|  0%| F|  |TS  0|AC  0|TAMS 0x00000006c3300000, 0x00000006c3300000|
|  12|0x00000006c3400000, 0x00000006c3400000, 0x00000006c3500000|  0%| F|  |TS  0|AC  0|TAMS 0x00000006c3400000, 0x00000006c3400000|
|  13|0x00000006c3500000, 0x00000006c3500000, 0x00000006c3600000|  0%| F|  |TS  0|AC  0|TAMS 0x00000006c3500000, 0x00000006c3500000|
|  14|0x00000006c3600000, 0x00000006c3600000, 0x00000006c3700000|  0%| F|  |TS  0|AC  0|TAMS 0x00000006c3600000, 0x00000006c3600000|
|  15|0x00000006c3700000, 0x00000006c3700000, 0x00000006c3800000|  0%| F|  |TS  0|AC  0|TAMS 0x00000006c3700000, 0x00000006c3700000|
|  16|0x00000006c3800000, 0x00000006c3800000, 0x00000006c3900000|  0%| F|  |TS  0|AC  0|TAMS 0x00000006c3800000, 0x00000006c3800000|
|  17|0x00000006c3900000, 0x00000006c3900000, 0x00000006c3a00000|  0%| F|  |TS  0|AC  0|TAMS 0x00000006c3900000, 0x00000006c3900000|
|  18|0x00000006c3a00000, 0x00000006c3a00000, 0x00000006c3b00000|  0%| F|  |TS  0|AC  0|TAMS 0x00000006c3a00000, 0x00000006c3a00000|
|  19|0x00000006c3b00000, 0x00000006c3b00000, 0x00000006c3c00000|  0%| F|  |TS  0|AC  0|TAMS 0x00000006c3b00000, 0x00000006c3b00000|
|  20|0x00000006c3c00000, 0x00000006c3c00000, 0x00000006c3d00000|  0%| F|  |TS  0|AC  0|TAMS 0x00000006c3c00000, 0x00000006c3c00000|
|  21|0x00000006c3d00000, 0x00000006c3d00000, 0x00000006c3e00000|  0%| F|  |TS  0|AC  0|TAMS 0x00000006c3d00000, 0x00000006c3d00000|
|  22|0x00000006c3e00000, 0x00000006c3e00000, 0x00000006c3f00000|  0%| F|  |TS  0|AC  0|TAMS 0x00000006c3e00000, 0x00000006c3e00000|
|  23|0x00000006c3f00000, 0x00000006c3f00000, 0x00000006c4000000|  0%| F|  |TS  0|AC  0|TAMS 0x00000006c3f00000, 0x00000006c3f00000|
|  24|0x00000006c4000000, 0x00000006c4000000, 0x00000006c4100000|  0%| F|  |TS  0|AC  0|TAMS 0x00000006c4000000, 0x00000006c4000000|
|  25|0x00000006c4100000, 0x00000006c4100000, 0x00000006c4200000|  0%| F|  |TS  0|AC  0|TAMS 0x00000006c4100000, 0x00000006c4100000|
|  26|0x00000006c4200000, 0x00000006c4200000, 0x00000006c4300000|  0%| F|  |TS  0|AC  0|TAMS 0x00000006c4200000, 0x00000006c4200000|
|  27|0x00000006c4300000, 0x00000006c4300000, 0x00000006c4400000|  0%| F|  |TS  0|AC  0|TAMS 0x00000006c4300000, 0x00000006c4300000|
|  28|0x00000006c4400000, 0x00000006c4400000, 0x00000006c4500000|  0%| F|  |TS  0|AC  0|TAMS 0x00000006c4400000, 0x00000006c4400000|
|  29|0x00000006c4500000, 0x00000006c4500000, 0x00000006c4600000|  0%| F|  |TS  0|AC  0|TAMS 0x00000006c4500000, 0x00000006c4500000|
|  30|0x00000006c4600000, 0x00000006c4600000, 0x00000006c4700000|  0%| F|  |TS  0|AC  0|TAMS 0x00000006c4600000, 0x00000006c4600000|
|  31|0x00000006c4700000, 0x00000006c4700000, 0x00000006c4800000|  0%| F|  |TS  0|AC  0|TAMS 0x00000006c4700000, 0x00000006c4700000|
|  32|0x00000006c4800000, 0x00000006c4800000, 0x00000006c4900000|  0%| F|  |TS  0|AC  0|TAMS 0x00000006c4800000, 0x00000006c4800000|
|  33|0x00000006c4900000, 0x00000006c4900000, 0x00000006c4a00000|  0%| F|  |TS  0|AC  0|TAMS 0x00000006c4900000, 0x00000006c4900000|
|  34|0x00000006c4a00000, 0x00000006c4a00000, 0x00000006c4b00000|  0%| F|  |TS  0|AC  0|TAMS 0x00000006c4a00000, 0x00000006c4a00000|
|  35|0x00000006c4b00000, 0x00000006c4b00000, 0x00000006c4c00000|  0%| F|  |TS  0|AC  0|TAMS 0x00000006c4b00000, 0x00000006c4b00000|
|  36|0x00000006c4c00000, 0x00000006c4c00000, 0x00000006c4d00000|  0%| F|  |TS  0|AC  0|TAMS 0x00000006c4c00000, 0x00000006c4c00000|
|  37|0x00000006c4d00000, 0x00000006c4d00000, 0x00000006c4e00000|  0%| F|  |TS  0|AC  0|TAMS 0x00000006c4d00000, 0x00000006c4d00000|
|  38|0x00000006c4e00000, 0x00000006c4e00000, 0x00000006c4f00000|  0%| F|  |TS  0|AC  0|TAMS 0x00000006c4e00000, 0x00000006c4e00000|
|  39|0x00000006c4f00000, 0x00000006c4f00000, 0x00000006c5000000|  0%| F|  |TS  0|AC  0|TAMS 0x00000006c4f00000, 0x00000006c4f00000|
|  40|0x00000006c5000000, 0x00000006c5000000, 0x00000006c5100000|  0%| F|  |TS  0|AC  0|TAMS 0x00000006c5000000, 0x00000006c5000000|
|  41|0x00000006c5100000, 0x00000006c5100000, 0x00000006c5200000|  0%| F|  |TS  0|AC  0|TAMS 0x00000006c5100000, 0x00000006c5100000|
|  42|0x00000006c5200000, 0x00000006c5200000, 0x00000006c5300000|  0%| F|  |TS  0|AC  0|TAMS 0x00000006c5200000, 0x00000006c5200000|
|  43|0x00000006c5300000, 0x00000006c5300000, 0x00000006c5400000|  0%| F|  |TS  0|AC  0|TAMS 0x00000006c5300000, 0x00000006c5300000|
|  44|0x00000006c5400000, 0x00000006c5400000, 0x00000006c5500000|  0%| F|  |TS  0|AC  0|TAMS 0x00000006c5400000, 0x00000006c5400000|
|  45|0x00000006c5500000, 0x00000006c5500000, 0x00000006c5600000|  0%| F|  |TS  0|AC  0|TAMS 0x00000006c5500000, 0x00000006c5500000|
|  46|0x00000006c5600000, 0x00000006c5600000, 0x00000006c5700000|  0%| F|  |TS  0|AC  0|TAMS 0x00000006c5600000, 0x00000006c5600000|
|  47|0x00000006c5700000, 0x00000006c5700000, 0x00000006c5800000|  0%| F|  |TS  0|AC  0|TAMS 0x00000006c5700000, 0x00000006c5700000|
|  48|0x00000006c5800000, 0x00000006c5800000, 0x00000006c5900000|  0%| F|  |TS  0|AC  0|TAMS 0x00000006c5800000, 0x00000006c5800000|
|  49|0x00000006c5900000, 0x00000006c5900000, 0x00000006c5a00000|  0%| F|  |TS  0|AC  0|TAMS 0x00000006c5900000, 0x00000006c5900000|
|  50|0x00000006c5a00000, 0x00000006c5a00000, 0x00000006c5b00000|  0%| F|  |TS  0|AC  0|TAMS 0x00000006c5a00000, 0x00000006c5a00000|
|  51|0x00000006c5b00000, 0x00000006c5b00000, 0x00000006c5c00000|  0%| F|  |TS  0|AC  0|TAMS 0x00000006c5b00000, 0x00000006c5b00000|
|  52|0x00000006c5c00000, 0x00000006c5c00000, 0x00000006c5d00000|  0%| F|  |TS  0|AC  0|TAMS 0x00000006c5c00000, 0x00000006c5c00000|
|  53|0x00000006c5d00000, 0x00000006c5d00000, 0x00000006c5e00000|  0%| F|  |TS  0|AC  0|TAMS 0x00000006c5d00000, 0x00000006c5d00000|
|  54|0x00000006c5e00000, 0x00000006c5e00000, 0x00000006c5f00000|  0%| F|  |TS  0|AC  0|TAMS 0x00000006c5e00000, 0x00000006c5e00000|
|  55|0x00000006c5f00000, 0x00000006c5f00000, 0x00000006c6000000|  0%| F|  |TS  0|AC  0|TAMS 0x00000006c5f00000, 0x00000006c5f00000|
|  56|0x00000006c6000000, 0x00000006c6000000, 0x00000006c6100000|  0%| F|  |TS  0|AC  0|TAMS 0x00000006c6000000, 0x00000006c6000000|
|  57|0x00000006c6100000, 0x00000006c6100000, 0x00000006c6200000|  0%| F|  |TS  0|AC  0|TAMS 0x00000006c6100000, 0x00000006c6100000|
|  58|0x00000006c6200000, 0x00000006c6200000, 0x00000006c6300000|  0%| F|  |TS  0|AC  0|TAMS 0x00000006c6200000, 0x00000006c6200000|
|  59|0x00000006c6300000, 0x00000006c6300000, 0x00000006c6400000|  0%| F|  |TS  0|AC  0|TAMS 0x00000006c6300000, 0x00000006c6300000|
|  60|0x00000006c6400000, 0x00000006c6400000, 0x00000006c6500000|  0%| F|  |TS  0|AC  0|TAMS 0x00000006c6400000, 0x00000006c6400000|
|  61|0x00000006c6500000, 0x00000006c6500000, 0x00000006c6600000|  0%| F|  |TS  0|AC  0|TAMS 0x00000006c6500000, 0x00000006c6500000|
|  62|0x00000006c6600000, 0x00000006c6600000, 0x00000006c6700000|  0%| F|  |TS  0|AC  0|TAMS 0x00000006c6600000, 0x00000006c6600000|
|  63|0x00000006c6700000, 0x00000006c6700000, 0x00000006c6800000|  0%| F|  |TS  0|AC  0|TAMS 0x00000006c6700000, 0x00000006c6700000|
|  64|0x00000006c6800000, 0x00000006c6800000, 0x00000006c6900000|  0%| F|  |TS  0|AC  0|TAMS 0x00000006c6800000, 0x00000006c6800000|
|  65|0x00000006c6900000, 0x00000006c6900000, 0x00000006c6a00000|  0%| F|  |TS  0|AC  0|TAMS 0x00000006c6900000, 0x00000006c6900000|
|  66|0x00000006c6a00000, 0x00000006c6a00000, 0x00000006c6b00000|  0%| F|  |TS  0|AC  0|TAMS 0x00000006c6a00000, 0x00000006c6a00000|
|  67|0x00000006c6b00000, 0x00000006c6b00000, 0x00000006c6c00000|  0%| F|  |TS  0|AC  0|TAMS 0x00000006c6b00000, 0x00000006c6b00000|
|  68|0x00000006c6c00000, 0x00000006c6c00000, 0x00000006c6d00000|  0%| F|  |TS  0|AC  0|TAMS 0x00000006c6c00000, 0x00000006c6c00000|
|  69|0x00000006c6d00000, 0x00000006c6d00000, 0x00000006c6e00000|  0%| F|  |TS  0|AC  0|TAMS 0x00000006c6d00000, 0x00000006c6d00000|
|  70|0x00000006c6e00000, 0x00000006c6e00000, 0x00000006c6f00000|  0%| F|  |TS  0|AC  0|TAMS 0x00000006c6e00000, 0x00000006c6e00000|
|  71|0x00000006c6f00000, 0x00000006c6f00000, 0x00000006c7000000|  0%| F|  |TS  0|AC  0|TAMS 0x00000006c6f00000, 0x00000006c6f00000|
|  72|0x00000006c7000000, 0x00000006c7000000, 0x00000006c7100000|  0%| F|  |TS  0|AC  0|TAMS 0x00000006c7000000, 0x00000006c7000000|
|  73|0x00000006c7100000, 0x00000006c7100000, 0x00000006c7200000|  0%| F|  |TS  0|AC  0|TAMS 0x00000006c7100000, 0x00000006c7100000|
|  74|0x00000006c7200000, 0x00000006c7200000, 0x00000006c7300000|  0%| F|  |TS  0|AC  0|TAMS 0x00000006c7200000, 0x00000006c7200000|
|  75|0x00000006c7300000, 0x00000006c7300000, 0x00000006c7400000|  0%| F|  |TS  0|AC  0|TAMS 0x00000006c7300000, 0x00000006c7300000|
|  76|0x00000006c7400000, 0x00000006c7400000, 0x00000006c7500000|  0%| F|  |TS  0|AC  0|TAMS 0x00000006c7400000, 0x00000006c7400000|
|  77|0x00000006c7500000, 0x00000006c7500000, 0x00000006c7600000|  0%| F|  |TS  0|AC  0|TAMS 0x00000006c7500000, 0x00000006c7500000|
|  78|0x00000006c7600000, 0x00000006c7600000, 0x00000006c7700000|  0%| F|  |TS  0|AC  0|TAMS 0x00000006c7600000, 0x00000006c7600000|
|  79|0x00000006c7700000, 0x00000006c7700000, 0x00000006c7800000|  0%| F|  |TS  0|AC  0|TAMS 0x00000006c7700000, 0x00000006c7700000|
|  80|0x00000006c7800000, 0x00000006c7800000, 0x00000006c7900000|  0%| F|  |TS  0|AC  0|TAMS 0x00000006c7800000, 0x00000006c7800000|
|  81|0x00000006c7900000, 0x00000006c7900000, 0x00000006c7a00000|  0%| F|  |TS  0|AC  0|TAMS 0x00000006c7900000, 0x00000006c7900000|
|  82|0x00000006c7a00000, 0x00000006c7a00000, 0x00000006c7b00000|  0%| F|  |TS  0|AC  0|TAMS 0x00000006c7a00000, 0x00000006c7a00000|
|  83|0x00000006c7b00000, 0x00000006c7b00000, 0x00000006c7c00000|  0%| F|  |TS  0|AC  0|TAMS 0x00000006c7b00000, 0x00000006c7b00000|
|  84|0x00000006c7c00000, 0x00000006c7c00000, 0x00000006c7d00000|  0%| F|  |TS  0|AC  0|TAMS 0x00000006c7c00000, 0x00000006c7c00000|
|  85|0x00000006c7d00000, 0x00000006c7d00000, 0x00000006c7e00000|  0%| F|  |TS  0|AC  0|TAMS 0x00000006c7d00000, 0x00000006c7d00000|
|  86|0x00000006c7e00000, 0x00000006c7e00000, 0x00000006c7f00000|  0%| F|  |TS  0|AC  0|TAMS 0x00000006c7e00000, 0x00000006c7e00000|
|  87|0x00000006c7f00000, 0x00000006c7f00000, 0x00000006c8000000|  0%| F|  |TS  0|AC  0|TAMS 0x00000006c7f00000, 0x00000006c7f00000|
|  88|0x00000006c8000000, 0x00000006c8000000, 0x00000006c8100000|  0%| F|  |TS  0|AC  0|TAMS 0x00000006c8000000, 0x00000006c8000000|
|  89|0x00000006c8100000, 0x00000006c8100000, 0x00000006c8200000|  0%| F|  |TS  0|AC  0|TAMS 0x00000006c8100000, 0x00000006c8100000|
|  90|0x00000006c8200000, 0x00000006c8200000, 0x00000006c8300000|  0%| F|  |TS  0|AC  0|TAMS 0x00000006c8200000, 0x00000006c8200000|
|  91|0x00000006c8300000, 0x00000006c8300000, 0x00000006c8400000|  0%| F|  |TS  0|AC  0|TAMS 0x00000006c8300000, 0x00000006c8300000|
|  92|0x00000006c8400000, 0x00000006c8400000, 0x00000006c8500000|  0%| F|  |TS  0|AC  0|TAMS 0x00000006c8400000, 0x00000006c8400000|
|  93|0x00000006c8500000, 0x00000006c8500000, 0x00000006c8600000|  0%| F|  |TS  0|AC  0|TAMS 0x00000006c8500000, 0x00000006c8500000|
|  94|0x00000006c8600000, 0x00000006c8600000, 0x00000006c8700000|  0%| F|  |TS  0|AC  0|TAMS 0x00000006c8600000, 0x00000006c8600000|
|  95|0x00000006c8700000, 0x00000006c8700000, 0x00000006c8800000|  0%| F|  |TS  0|AC  0|TAMS 0x00000006c8700000, 0x00000006c8700000|
|  96|0x00000006c8800000, 0x00000006c8800000, 0x00000006c8900000|  0%| F|  |TS  0|AC  0|TAMS 0x00000006c8800000, 0x00000006c8800000|
|  97|0x00000006c8900000, 0x00000006c8900000, 0x00000006c8a00000|  0%| F|  |TS  0|AC  0|TAMS 0x00000006c8900000, 0x00000006c8900000|
|  98|0x00000006c8a00000, 0x00000006c8a00000, 0x00000006c8b00000|  0%| F|  |TS  0|AC  0|TAMS 0x00000006c8a00000, 0x00000006c8a00000|
|  99|0x00000006c8b00000, 0x00000006c8b00000, 0x00000006c8c00000|  0%| F|  |TS  0|AC  0|TAMS 0x00000006c8b00000, 0x00000006c8b00000|
| 100|0x00000006c8c00000, 0x00000006c8c00000, 0x00000006c8d00000|  0%| F|  |TS  0|AC  0|TAMS 0x00000006c8c00000, 0x00000006c8c00000|
| 101|0x00000006c8d00000, 0x00000006c8d00000, 0x00000006c8e00000|  0%| F|  |TS  0|AC  0|TAMS 0x00000006c8d00000, 0x00000006c8d00000|
| 102|0x00000006c8e00000, 0x00000006c8e00000, 0x00000006c8f00000|  0%| F|  |TS  0|AC  0|TAMS 0x00000006c8e00000, 0x00000006c8e00000|
| 103|0x00000006c8f00000, 0x00000006c8f00000, 0x00000006c9000000|  0%| F|  |TS  0|AC  0|TAMS 0x00000006c8f00000, 0x00000006c8f00000|
| 104|0x00000006c9000000, 0x00000006c9000000, 0x00000006c9100000|  0%| F|  |TS  0|AC  0|TAMS 0x00000006c9000000, 0x00000006c9000000|
| 105|0x00000006c9100000, 0x00000006c9100000, 0x00000006c9200000|  0%| F|  |TS  0|AC  0|TAMS 0x00000006c9100000, 0x00000006c9100000|
| 106|0x00000006c9200000, 0x00000006c9200000, 0x00000006c9300000|  0%| F|  |TS  0|AC  0|TAMS 0x00000006c9200000, 0x00000006c9200000|
| 107|0x00000006c9300000, 0x00000006c9300000, 0x00000006c9400000|  0%| F|  |TS  0|AC  0|TAMS 0x00000006c9300000, 0x00000006c9300000|
| 108|0x00000006c9400000, 0x00000006c9400000, 0x00000006c9500000|  0%| F|  |TS  0|AC  0|TAMS 0x00000006c9400000, 0x00000006c9400000|
| 109|0x00000006c9500000, 0x00000006c9500000, 0x00000006c9600000|  0%| F|  |TS  0|AC  0|TAMS 0x00000006c9500000, 0x00000006c9500000|
| 110|0x00000006c9600000, 0x00000006c9600000, 0x00000006c9700000|  0%| F|  |TS  0|AC  0|TAMS 0x00000006c9600000, 0x00000006c9600000|
| 111|0x00000006c9700000, 0x00000006c9700000, 0x00000006c9800000|  0%| F|  |TS  0|AC  0|TAMS 0x00000006c9700000, 0x00000006c9700000|
| 112|0x00000006c9800000, 0x00000006c9800000, 0x00000006c9900000|  0%| F|  |TS  0|AC  0|TAMS 0x00000006c9800000, 0x00000006c9800000|
| 113|0x00000006c9900000, 0x00000006c9900000, 0x00000006c9a00000|  0%| F|  |TS  0|AC  0|TAMS 0x00000006c9900000, 0x00000006c9900000|
| 114|0x00000006c9a00000, 0x00000006c9a00000, 0x00000006c9b00000|  0%| F|  |TS  0|AC  0|TAMS 0x00000006c9a00000, 0x00000006c9a00000|
| 115|0x00000006c9b00000, 0x00000006c9b00000, 0x00000006c9c00000|  0%| F|  |TS  0|AC  0|TAMS 0x00000006c9b00000, 0x00000006c9b00000|
| 116|0x00000006c9c00000, 0x00000006c9c00000, 0x00000006c9d00000|  0%| F|  |TS  0|AC  0|TAMS 0x00000006c9c00000, 0x00000006c9c00000|
| 117|0x00000006c9d00000, 0x00000006c9d00000, 0x00000006c9e00000|  0%| F|  |TS  0|AC  0|TAMS 0x00000006c9d00000, 0x00000006c9d00000|
| 118|0x00000006c9e00000, 0x00000006c9e00000, 0x00000006c9f00000|  0%| F|  |TS  0|AC  0|TAMS 0x00000006c9e00000, 0x00000006c9e00000|
| 119|0x00000006c9f00000, 0x00000006c9f00000, 0x00000006ca000000|  0%| F|  |TS  0|AC  0|TAMS 0x00000006c9f00000, 0x00000006c9f00000|
| 120|0x00000006ca000000, 0x00000006ca000000, 0x00000006ca100000|  0%| F|  |TS  0|AC  0|TAMS 0x00000006ca000000, 0x00000006ca000000|
| 121|0x00000006ca100000, 0x00000006ca100000, 0x00000006ca200000|  0%| F|  |TS  0|AC  0|TAMS 0x00000006ca100000, 0x00000006ca100000|
| 122|0x00000006ca200000, 0x00000006ca200000, 0x00000006ca300000|  0%| F|  |TS  0|AC  0|TAMS 0x00000006ca200000, 0x00000006ca200000|
| 123|0x00000006ca300000, 0x00000006ca300000, 0x00000006ca400000|  0%| F|  |TS  0|AC  0|TAMS 0x00000006ca300000, 0x00000006ca300000|
| 124|0x00000006ca400000, 0x00000006ca400000, 0x00000006ca500000|  0%| F|  |TS  0|AC  0|TAMS 0x00000006ca400000, 0x00000006ca400000|
| 125|0x00000006ca500000, 0x00000006ca500000, 0x00000006ca600000|  0%| F|  |TS  0|AC  0|TAMS 0x00000006ca500000, 0x00000006ca500000|
| 126|0x00000006ca600000, 0x00000006ca600000, 0x00000006ca700000|  0%| F|  |TS  0|AC  0|TAMS 0x00000006ca600000, 0x00000006ca600000|
| 127|0x00000006ca700000, 0x00000006ca700000, 0x00000006ca800000|  0%| F|  |TS  0|AC  0|TAMS 0x00000006ca700000, 0x00000006ca700000|
| 128|0x00000006ca800000, 0x00000006ca800000, 0x00000006ca900000|  0%| F|  |TS  0|AC  0|TAMS 0x00000006ca800000, 0x00000006ca800000|
| 129|0x00000006ca900000, 0x00000006ca900000, 0x00000006caa00000|  0%| F|  |TS  0|AC  0|TAMS 0x00000006ca900000, 0x00000006ca900000|
| 130|0x00000006caa00000, 0x00000006caa00000, 0x00000006cab00000|  0%| F|  |TS  0|AC  0|TAMS 0x00000006caa00000, 0x00000006caa00000|
| 131|0x00000006cab00000, 0x00000006cab00000, 0x00000006cac00000|  0%| F|  |TS  0|AC  0|TAMS 0x00000006cab00000, 0x00000006cab00000|
| 132|0x00000006cac00000, 0x00000006cac00000, 0x00000006cad00000|  0%| F|  |TS  0|AC  0|TAMS 0x00000006cac00000, 0x00000006cac00000|
| 133|0x00000006cad00000, 0x00000006cad00000, 0x00000006cae00000|  0%| F|  |TS  0|AC  0|TAMS 0x00000006cad00000, 0x00000006cad00000|
| 134|0x00000006cae00000, 0x00000006cae00000, 0x00000006caf00000|  0%| F|  |TS  0|AC  0|TAMS 0x00000006cae00000, 0x00000006cae00000|
| 135|0x00000006caf00000, 0x00000006caf00000, 0x00000006cb000000|  0%| F|  |TS  0|AC  0|TAMS 0x00000006caf00000, 0x00000006caf00000|
| 136|0x00000006cb000000, 0x00000006cb000000, 0x00000006cb100000|  0%| F|  |TS  0|AC  0|TAMS 0x00000006cb000000, 0x00000006cb000000|
| 137|0x00000006cb100000, 0x00000006cb100000, 0x00000006cb200000|  0%| F|  |TS  0|AC  0|TAMS 0x00000006cb100000, 0x00000006cb100000|
| 138|0x00000006cb200000, 0x00000006cb200000, 0x00000006cb300000|  0%| F|  |TS  0|AC  0|TAMS 0x00000006cb200000, 0x00000006cb200000|
| 139|0x00000006cb300000, 0x00000006cb300000, 0x00000006cb400000|  0%| F|  |TS  0|AC  0|TAMS 0x00000006cb300000, 0x00000006cb300000|
| 140|0x00000006cb400000, 0x00000006cb400000, 0x00000006cb500000|  0%| F|  |TS  0|AC  0|TAMS 0x00000006cb400000, 0x00000006cb400000|
| 141|0x00000006cb500000, 0x00000006cb500000, 0x00000006cb600000|  0%| F|  |TS  0|AC  0|TAMS 0x00000006cb500000, 0x00000006cb500000|
| 142|0x00000006cb600000, 0x00000006cb600000, 0x00000006cb700000|  0%| F|  |TS  0|AC  0|TAMS 0x00000006cb600000, 0x00000006cb600000|
| 143|0x00000006cb700000, 0x00000006cb700000, 0x00000006cb800000|  0%| F|  |TS  0|AC  0|TAMS 0x00000006cb700000, 0x00000006cb700000|
| 144|0x00000006cb800000, 0x00000006cb800000, 0x00000006cb900000|  0%| F|  |TS  0|AC  0|TAMS 0x00000006cb800000, 0x00000006cb800000|
| 145|0x00000006cb900000, 0x00000006cb900000, 0x00000006cba00000|  0%| F|  |TS  0|AC  0|TAMS 0x00000006cb900000, 0x00000006cb900000|
| 146|0x00000006cba00000, 0x00000006cba00000, 0x00000006cbb00000|  0%| F|  |TS  0|AC  0|TAMS 0x00000006cba00000, 0x00000006cba00000|
| 147|0x00000006cbb00000, 0x00000006cbb00000, 0x00000006cbc00000|  0%| F|  |TS  0|AC  0|TAMS 0x00000006cbb00000, 0x00000006cbb00000|
| 148|0x00000006cbc00000, 0x00000006cbc00000, 0x00000006cbd00000|  0%| F|  |TS  0|AC  0|TAMS 0x00000006cbc00000, 0x00000006cbc00000|
| 149|0x00000006cbd00000, 0x00000006cbd00000, 0x00000006cbe00000|  0%| F|  |TS  0|AC  0|TAMS 0x00000006cbd00000, 0x00000006cbd00000|
| 150|0x00000006cbe00000, 0x00000006cbe00000, 0x00000006cbf00000|  0%| F|  |TS  0|AC  0|TAMS 0x00000006cbe00000, 0x00000006cbe00000|
| 151|0x00000006cbf00000, 0x00000006cbf00000, 0x00000006cc000000|  0%| F|  |TS  0|AC  0|TAMS 0x00000006cbf00000, 0x00000006cbf00000|
| 152|0x00000006cc000000, 0x00000006cc000000, 0x00000006cc100000|  0%| F|  |TS  0|AC  0|TAMS 0x00000006cc000000, 0x00000006cc000000|
| 153|0x00000006cc100000, 0x00000006cc100000, 0x00000006cc200000|  0%| F|  |TS  0|AC  0|TAMS 0x00000006cc100000, 0x00000006cc100000|
| 154|0x00000006cc200000, 0x00000006cc200000, 0x00000006cc300000|  0%| F|  |TS  0|AC  0|TAMS 0x00000006cc200000, 0x00000006cc200000|
| 155|0x00000006cc300000, 0x00000006cc300000, 0x00000006cc400000|  0%| F|  |TS  0|AC  0|TAMS 0x00000006cc300000, 0x00000006cc300000|
| 156|0x00000006cc400000, 0x00000006cc400000, 0x00000006cc500000|  0%| F|  |TS  0|AC  0|TAMS 0x00000006cc400000, 0x00000006cc400000|
| 157|0x00000006cc500000, 0x00000006cc500000, 0x00000006cc600000|  0%| F|  |TS  0|AC  0|TAMS 0x00000006cc500000, 0x00000006cc500000|
| 158|0x00000006cc600000, 0x00000006cc600000, 0x00000006cc700000|  0%| F|  |TS  0|AC  0|TAMS 0x00000006cc600000, 0x00000006cc600000|
| 159|0x00000006cc700000, 0x00000006cc700000, 0x00000006cc800000|  0%| F|  |TS  0|AC  0|TAMS 0x00000006cc700000, 0x00000006cc700000|
| 160|0x00000006cc800000, 0x00000006cc800000, 0x00000006cc900000|  0%| F|  |TS  0|AC  0|TAMS 0x00000006cc800000, 0x00000006cc800000|
| 161|0x00000006cc900000, 0x00000006cc900000, 0x00000006cca00000|  0%| F|  |TS  0|AC  0|TAMS 0x00000006cc900000, 0x00000006cc900000|
| 162|0x00000006cca00000, 0x00000006cca00000, 0x00000006ccb00000|  0%| F|  |TS  0|AC  0|TAMS 0x00000006cca00000, 0x00000006cca00000|
| 163|0x00000006ccb00000, 0x00000006ccb00000, 0x00000006ccc00000|  0%| F|  |TS  0|AC  0|TAMS 0x00000006ccb00000, 0x00000006ccb00000|
| 164|0x00000006ccc00000, 0x00000006ccc00000, 0x00000006ccd00000|  0%| F|  |TS  0|AC  0|TAMS 0x00000006ccc00000, 0x00000006ccc00000|
| 165|0x00000006ccd00000, 0x00000006ccd00000, 0x00000006cce00000|  0%| F|  |TS  0|AC  0|TAMS 0x00000006ccd00000, 0x00000006ccd00000|
| 166|0x00000006cce00000, 0x00000006cce00000, 0x00000006ccf00000|  0%| F|  |TS  0|AC  0|TAMS 0x00000006cce00000, 0x00000006cce00000|
| 167|0x00000006ccf00000, 0x00000006ccf00000, 0x00000006cd000000|  0%| F|  |TS  0|AC  0|TAMS 0x00000006ccf00000, 0x00000006ccf00000|
| 168|0x00000006cd000000, 0x00000006cd000000, 0x00000006cd100000|  0%| F|  |TS  0|AC  0|TAMS 0x00000006cd000000, 0x00000006cd000000|
| 169|0x00000006cd100000, 0x00000006cd100000, 0x00000006cd200000|  0%| F|  |TS  0|AC  0|TAMS 0x00000006cd100000, 0x00000006cd100000|
| 170|0x00000006cd200000, 0x00000006cd200000, 0x00000006cd300000|  0%| F|  |TS  0|AC  0|TAMS 0x00000006cd200000, 0x00000006cd200000|
| 171|0x00000006cd300000, 0x00000006cd300000, 0x00000006cd400000|  0%| F|  |TS  0|AC  0|TAMS 0x00000006cd300000, 0x00000006cd300000|
| 172|0x00000006cd400000, 0x00000006cd400000, 0x00000006cd500000|  0%| F|  |TS  0|AC  0|TAMS 0x00000006cd400000, 0x00000006cd400000|
| 173|0x00000006cd500000, 0x00000006cd500000, 0x00000006cd600000|  0%| F|  |TS  0|AC  0|TAMS 0x00000006cd500000, 0x00000006cd500000|
| 174|0x00000006cd600000, 0x00000006cd600000, 0x00000006cd700000|  0%| F|  |TS  0|AC  0|TAMS 0x00000006cd600000, 0x00000006cd600000|
| 175|0x00000006cd700000, 0x00000006cd700000, 0x00000006cd800000|  0%| F|  |TS  0|AC  0|TAMS 0x00000006cd700000, 0x00000006cd700000|
| 176|0x00000006cd800000, 0x00000006cd800000, 0x00000006cd900000|  0%| F|  |TS  0|AC  0|TAMS 0x00000006cd800000, 0x00000006cd800000|
| 177|0x00000006cd900000, 0x00000006cd900000, 0x00000006cda00000|  0%| F|  |TS  0|AC  0|TAMS 0x00000006cd900000, 0x00000006cd900000|
| 178|0x00000006cda00000, 0x00000006cda00000, 0x00000006cdb00000|  0%| F|  |TS  0|AC  0|TAMS 0x00000006cda00000, 0x00000006cda00000|
| 179|0x00000006cdb00000, 0x00000006cdb00000, 0x00000006cdc00000|  0%| F|  |TS  0|AC  0|TAMS 0x00000006cdb00000, 0x00000006cdb00000|
| 180|0x00000006cdc00000, 0x00000006cdc00000, 0x00000006cdd00000|  0%| F|  |TS  0|AC  0|TAMS 0x00000006cdc00000, 0x00000006cdc00000|
| 181|0x00000006cdd00000, 0x00000006cdd00000, 0x00000006cde00000|  0%| F|  |TS  0|AC  0|TAMS 0x00000006cdd00000, 0x00000006cdd00000|
| 182|0x00000006cde00000, 0x00000006cde00000, 0x00000006cdf00000|  0%| F|  |TS  0|AC  0|TAMS 0x00000006cde00000, 0x00000006cde00000|
| 183|0x00000006cdf00000, 0x00000006cdf00000, 0x00000006ce000000|  0%| F|  |TS  0|AC  0|TAMS 0x00000006cdf00000, 0x00000006cdf00000|
| 184|0x00000006ce000000, 0x00000006ce000000, 0x00000006ce100000|  0%| F|  |TS  0|AC  0|TAMS 0x00000006ce000000, 0x00000006ce000000|
| 185|0x00000006ce100000, 0x00000006ce100000, 0x00000006ce200000|  0%| F|  |TS  0|AC  0|TAMS 0x00000006ce100000, 0x00000006ce100000|
| 186|0x00000006ce200000, 0x00000006ce200000, 0x00000006ce300000|  0%| F|  |TS  0|AC  0|TAMS 0x00000006ce200000, 0x00000006ce200000|
| 187|0x00000006ce300000, 0x00000006ce300000, 0x00000006ce400000|  0%| F|  |TS  0|AC  0|TAMS 0x00000006ce300000, 0x00000006ce300000|
| 188|0x00000006ce400000, 0x00000006ce400000, 0x00000006ce500000|  0%| F|  |TS  0|AC  0|TAMS 0x00000006ce400000, 0x00000006ce400000|
| 189|0x00000006ce500000, 0x00000006ce500000, 0x00000006ce600000|  0%| F|  |TS  0|AC  0|TAMS 0x00000006ce500000, 0x00000006ce500000|
| 190|0x00000006ce600000, 0x00000006ce600000, 0x00000006ce700000|  0%| F|  |TS  0|AC  0|TAMS 0x00000006ce600000, 0x00000006ce600000|
| 191|0x00000006ce700000, 0x00000006ce700000, 0x00000006ce800000|  0%| F|  |TS  0|AC  0|TAMS 0x00000006ce700000, 0x00000006ce700000|
| 192|0x00000006ce800000, 0x00000006ce800000, 0x00000006ce900000|  0%| F|  |TS  0|AC  0|TAMS 0x00000006ce800000, 0x00000006ce800000|
| 193|0x00000006ce900000, 0x00000006ce900000, 0x00000006cea00000|  0%| F|  |TS  0|AC  0|TAMS 0x00000006ce900000, 0x00000006ce900000|
| 194|0x00000006cea00000, 0x00000006cea00000, 0x00000006ceb00000|  0%| F|  |TS  0|AC  0|TAMS 0x00000006cea00000, 0x00000006cea00000|
| 195|0x00000006ceb00000, 0x00000006ceb00000, 0x00000006cec00000|  0%| F|  |TS  0|AC  0|TAMS 0x00000006ceb00000, 0x00000006ceb00000|
| 196|0x00000006cec00000, 0x00000006cec00000, 0x00000006ced00000|  0%| F|  |TS  0|AC  0|TAMS 0x00000006cec00000, 0x00000006cec00000|
| 197|0x00000006ced00000, 0x00000006ced00000, 0x00000006cee00000|  0%| F|  |TS  0|AC  0|TAMS 0x00000006ced00000, 0x00000006ced00000|
| 198|0x00000006cee00000, 0x00000006cee00000, 0x00000006cef00000|  0%| F|  |TS  0|AC  0|TAMS 0x00000006cee00000, 0x00000006cee00000|
| 199|0x00000006cef00000, 0x00000006cef00000, 0x00000006cf000000|  0%| F|  |TS  0|AC  0|TAMS 0x00000006cef00000, 0x00000006cef00000|
| 200|0x00000006cf000000, 0x00000006cf000000, 0x00000006cf100000|  0%| F|  |TS  0|AC  0|TAMS 0x00000006cf000000, 0x00000006cf000000|
| 201|0x00000006cf100000, 0x00000006cf100000, 0x00000006cf200000|  0%| F|  |TS  0|AC  0|TAMS 0x00000006cf100000, 0x00000006cf100000|
| 202|0x00000006cf200000, 0x00000006cf200000, 0x00000006cf300000|  0%| F|  |TS  0|AC  0|TAMS 0x00000006cf200000, 0x00000006cf200000|
| 203|0x00000006cf300000, 0x00000006cf300000, 0x00000006cf400000|  0%| F|  |TS  0|AC  0|TAMS 0x00000006cf300000, 0x00000006cf300000|
| 204|0x00000006cf400000, 0x00000006cf400000, 0x00000006cf500000|  0%| F|  |TS  0|AC  0|TAMS 0x00000006cf400000, 0x00000006cf400000|
| 205|0x00000006cf500000, 0x00000006cf500000, 0x00000006cf600000|  0%| F|  |TS  0|AC  0|TAMS 0x00000006cf500000, 0x00000006cf500000|
| 206|0x00000006cf600000, 0x00000006cf600000, 0x00000006cf700000|  0%| F|  |TS  0|AC  0|TAMS 0x00000006cf600000, 0x00000006cf600000|
| 207|0x00000006cf700000, 0x00000006cf700000, 0x00000006cf800000|  0%| F|  |TS  0|AC  0|TAMS 0x00000006cf700000, 0x00000006cf700000|
| 208|0x00000006cf800000, 0x00000006cf800000, 0x00000006cf900000|  0%| F|  |TS  0|AC  0|TAMS 0x00000006cf800000, 0x00000006cf800000|
| 209|0x00000006cf900000, 0x00000006cf900000, 0x00000006cfa00000|  0%| F|  |TS  0|AC  0|TAMS 0x00000006cf900000, 0x00000006cf900000|
| 210|0x00000006cfa00000, 0x00000006cfa00000, 0x00000006cfb00000|  0%| F|  |TS  0|AC  0|TAMS 0x00000006cfa00000, 0x00000006cfa00000|
| 211|0x00000006cfb00000, 0x00000006cfb00000, 0x00000006cfc00000|  0%| F|  |TS  0|AC  0|TAMS 0x00000006cfb00000, 0x00000006cfb00000|
| 212|0x00000006cfc00000, 0x00000006cfc00000, 0x00000006cfd00000|  0%| F|  |TS  0|AC  0|TAMS 0x00000006cfc00000, 0x00000006cfc00000|
| 213|0x00000006cfd00000, 0x00000006cfd00000, 0x00000006cfe00000|  0%| F|  |TS  0|AC  0|TAMS 0x00000006cfd00000, 0x00000006cfd00000|
| 214|0x00000006cfe00000, 0x00000006cfe00000, 0x00000006cff00000|  0%| F|  |TS  0|AC  0|TAMS 0x00000006cfe00000, 0x00000006cfe00000|
| 215|0x00000006cff00000, 0x00000006cff00000, 0x00000006d0000000|  0%| F|  |TS  0|AC  0|TAMS 0x00000006cff00000, 0x00000006cff00000|
| 216|0x00000006d0000000, 0x00000006d0000000, 0x00000006d0100000|  0%| F|  |TS  0|AC  0|TAMS 0x00000006d0000000, 0x00000006d0000000|
| 217|0x00000006d0100000, 0x00000006d0100000, 0x00000006d0200000|  0%| F|  |TS  0|AC  0|TAMS 0x00000006d0100000, 0x00000006d0100000|
| 218|0x00000006d0200000, 0x00000006d0200000, 0x00000006d0300000|  0%| F|  |TS  0|AC  0|TAMS 0x00000006d0200000, 0x00000006d0200000|
| 219|0x00000006d0300000, 0x00000006d0300000, 0x00000006d0400000|  0%| F|  |TS  0|AC  0|TAMS 0x00000006d0300000, 0x00000006d0300000|
| 220|0x00000006d0400000, 0x00000006d0400000, 0x00000006d0500000|  0%| F|  |TS  0|AC  0|TAMS 0x00000006d0400000, 0x00000006d0400000|
| 221|0x00000006d0500000, 0x00000006d0500000, 0x00000006d0600000|  0%| F|  |TS  0|AC  0|TAMS 0x00000006d0500000, 0x00000006d0500000|
| 222|0x00000006d0600000, 0x00000006d0600000, 0x00000006d0700000|  0%| F|  |TS  0|AC  0|TAMS 0x00000006d0600000, 0x00000006d0600000|
| 223|0x00000006d0700000, 0x00000006d0700000, 0x00000006d0800000|  0%| F|  |TS  0|AC  0|TAMS 0x00000006d0700000, 0x00000006d0700000|
| 224|0x00000006d0800000, 0x00000006d0800000, 0x00000006d0900000|  0%| F|  |TS  0|AC  0|TAMS 0x00000006d0800000, 0x00000006d0800000|
| 225|0x00000006d0900000, 0x00000006d0900000, 0x00000006d0a00000|  0%| F|  |TS  0|AC  0|TAMS 0x00000006d0900000, 0x00000006d0900000|
| 226|0x00000006d0a00000, 0x00000006d0a00000, 0x00000006d0b00000|  0%| F|  |TS  0|AC  0|TAMS 0x00000006d0a00000, 0x00000006d0a00000|
| 227|0x00000006d0b00000, 0x00000006d0c00000, 0x00000006d0c00000|100%| S|CS|TS  1|AC  0|TAMS 0x00000006d0b00000, 0x00000006d0b00000|
| 228|0x00000006d0c00000, 0x00000006d0d00000, 0x00000006d0d00000|100%| S|CS|TS  1|AC  0|TAMS 0x00000006d0c00000, 0x00000006d0c00000|
| 229|0x00000006d0d00000, 0x00000006d0e00000, 0x00000006d0e00000|100%| S|CS|TS  1|AC  0|TAMS 0x00000006d0d00000, 0x00000006d0d00000|
| 230|0x00000006d0e00000, 0x00000006d0e00000, 0x00000006d0f00000|  0%| F|  |TS  1|AC  0|TAMS 0x00000006d0e00000, 0x00000006d0e00000|
| 231|0x00000006d0f00000, 0x00000006d0f00000, 0x00000006d1000000|  0%| F|  |TS  1|AC  0|TAMS 0x00000006d0f00000, 0x00000006d0f00000|
| 232|0x00000006d1000000, 0x00000006d1000000, 0x00000006d1100000|  0%| F|  |TS  1|AC  0|TAMS 0x00000006d1000000, 0x00000006d1000000|
| 233|0x00000006d1100000, 0x00000006d1100000, 0x00000006d1200000|  0%| F|  |TS  1|AC  0|TAMS 0x00000006d1100000, 0x00000006d1100000|
| 234|0x00000006d1200000, 0x00000006d1200000, 0x00000006d1300000|  0%| F|  |TS  1|AC  0|TAMS 0x00000006d1200000, 0x00000006d1200000|
| 235|0x00000006d1300000, 0x00000006d1300000, 0x00000006d1400000|  0%| F|  |TS  1|AC  0|TAMS 0x00000006d1300000, 0x00000006d1300000|
| 236|0x00000006d1400000, 0x00000006d1400000, 0x00000006d1500000|  0%| F|  |TS  1|AC  0|TAMS 0x00000006d1400000, 0x00000006d1400000|
| 237|0x00000006d1500000, 0x00000006d1500000, 0x00000006d1600000|  0%| F|  |TS  1|AC  0|TAMS 0x00000006d1500000, 0x00000006d1500000|
| 238|0x00000006d1600000, 0x00000006d1600000, 0x00000006d1700000|  0%| F|  |TS  1|AC  0|TAMS 0x00000006d1600000, 0x00000006d1600000|
| 239|0x00000006d1700000, 0x00000006d1700000, 0x00000006d1800000|  0%| F|  |TS  1|AC  0|TAMS 0x00000006d1700000, 0x00000006d1700000|
| 240|0x00000006d1800000, 0x00000006d1800000, 0x00000006d1900000|  0%| F|  |TS  1|AC  0|TAMS 0x00000006d1800000, 0x00000006d1800000|
| 241|0x00000006d1900000, 0x00000006d1900000, 0x00000006d1a00000|  0%| F|  |TS  1|AC  0|TAMS 0x00000006d1900000, 0x00000006d1900000|
| 242|0x00000006d1a00000, 0x00000006d1a00000, 0x00000006d1b00000|  0%| F|  |TS  1|AC  0|TAMS 0x00000006d1a00000, 0x00000006d1a00000|
| 243|0x00000006d1b00000, 0x00000006d1b00000, 0x00000006d1c00000|  0%| F|  |TS  1|AC  0|TAMS 0x00000006d1b00000, 0x00000006d1b00000|
| 244|0x00000006d1c00000, 0x00000006d1c00000, 0x00000006d1d00000|  0%| F|  |TS  1|AC  0|TAMS 0x00000006d1c00000, 0x00000006d1c00000|
| 245|0x00000006d1d00000, 0x00000006d1e00000, 0x00000006d1e00000|100%| E|  |TS  1|AC  0|TAMS 0x00000006d1d00000, 0x00000006d1d00000|
| 246|0x00000006d1e00000, 0x00000006d1f00000, 0x00000006d1f00000|100%| E|CS|TS  1|AC  0|TAMS 0x00000006d1e00000, 0x00000006d1e00000|
| 247|0x00000006d1f00000, 0x00000006d2000000, 0x00000006d2000000|100%| E|CS|TS  1|AC  0|TAMS 0x00000006d1f00000, 0x00000006d1f00000|
| 248|0x00000006d2000000, 0x00000006d2100000, 0x00000006d2100000|100%| E|CS|TS  1|AC  0|TAMS 0x00000006d2000000, 0x00000006d2000000|
| 249|0x00000006d2100000, 0x00000006d2200000, 0x00000006d2200000|100%| E|CS|TS  1|AC  0|TAMS 0x00000006d2100000, 0x00000006d2100000|
| 250|0x00000006d2200000, 0x00000006d2300000, 0x00000006d2300000|100%| E|CS|TS  1|AC  0|TAMS 0x00000006d2200000, 0x00000006d2200000|
| 251|0x00000006d2300000, 0x00000006d2400000, 0x00000006d2400000|100%| E|CS|TS  1|AC  0|TAMS 0x00000006d2300000, 0x00000006d2300000|
| 252|0x00000006d2400000, 0x00000006d2500000, 0x00000006d2500000|100%| E|CS|TS  1|AC  0|TAMS 0x00000006d2400000, 0x00000006d2400000|
| 253|0x00000006d2500000, 0x00000006d2600000, 0x00000006d2600000|100%| E|CS|TS  1|AC  0|TAMS 0x00000006d2500000, 0x00000006d2500000|

Card table byte_map: [0x000001fef3520000,0x000001fef3d10000] byte_map_base: 0x000001feeff0c000

Marking Bits (Prev, Next): (CMBitMap*) 0x000001fee5c11ad0, (CMBitMap*) 0x000001fee5c11b08
 Prev Bits: [0x000001fef4500000, 0x000001fef8460000)
 Next Bits: [0x000001fef8460000, 0x000001fefc3c0000)

Polling page: 0x000001fee5e70000

CodeHeap 'non-profiled nmethods': size=120000Kb used=587Kb max_used=587Kb free=119412Kb
 bounds [0x000001fe87ad0000, 0x000001fe87d40000, 0x000001fe8f000000]
CodeHeap 'profiled nmethods': size=120000Kb used=2861Kb max_used=2861Kb free=117138Kb
 bounds [0x000001fe805a0000, 0x000001fe80870000, 0x000001fe87ad0000]
CodeHeap 'non-nmethods': size=5760Kb used=1390Kb max_used=1401Kb free=4369Kb
 bounds [0x000001fe80000000, 0x000001fe80270000, 0x000001fe805a0000]
 total_blobs=2414 nmethods=1518 adapters=553
 compilation: enabled

Compilation events (10 events):
Event: 2.037 Thread 0x000001feff8f8800 1514       3       java.util.IdentityHashMap::isEmpty (13 bytes)
Event: 2.037 Thread 0x000001feff8f8800 nmethod 1514 0x000001fe80869390 code [0x000001fe80869540, 0x000001fe808696f8]
Event: 2.052 Thread 0x000001feff8f8800 1515       3       java.util.HashMap::isEmpty (13 bytes)
Event: 2.052 Thread 0x000001feff8f8800 nmethod 1515 0x000001fe80869790 code [0x000001fe80869940, 0x000001fe80869af8]
Event: 2.053 Thread 0x000001feff8f8800 1516       3       java.awt.Component::isLightweight (8 bytes)
Event: 2.053 Thread 0x000001feff8f8800 nmethod 1516 0x000001fe80869b90 code [0x000001fe80869d40, 0x000001fe80869fb8]
Event: 2.069 Thread 0x000001feff8f8800 1517       3       java.util.concurrent.locks.ReentrantLock$Sync::tryRelease (45 bytes)
Event: 2.069 Thread 0x000001feff8f8800 nmethod 1517 0x000001fe8086a090 code [0x000001fe8086a260, 0x000001fe8086a7b0]
Event: 2.085 Thread 0x000001feff8f8800 1518   !   3       sun.awt.AWTAutoShutdown::setToolkitBusy (124 bytes)
Event: 2.086 Thread 0x000001feff8f8800 nmethod 1518 0x000001fe8086a890 code [0x000001fe8086aaa0, 0x000001fe8086b350]

GC Heap History (2 events):
Event: 1.147 GC heap before
{Heap before GC invocations=0 (full 0):
 garbage-first heap   total 260096K, used 24576K [0x00000006c2800000, 0x00000006c29007f0, 0x00000007c0000000)
  region size 1024K, 24 young (24576K), 0 survivors (0K)
 Metaspace       used 15539K, capacity 16320K, committed 16384K, reserved 1064960K
  class space    used 1597K, capacity 1777K, committed 1792K, reserved 1048576K
}
Event: 1.161 GC heap after
{Heap after GC invocations=1 (full 0):
 garbage-first heap   total 260096K, used 4693K [0x00000006c2800000, 0x00000006c29007f0, 0x00000007c0000000)
  region size 1024K, 3 young (3072K), 3 survivors (3072K)
 Metaspace       used 15539K, capacity 16320K, committed 16384K, reserved 1064960K
  class space    used 1597K, capacity 1777K, committed 1792K, reserved 1048576K
}

Deoptimization events (10 events):
Event: 1.125 Thread 0x000001fe8f1c0000 Uncommon trap: reason=class_check action=maybe_recompile pc=0x000001fe87b168c4 method=java.util.HashMap.putVal(ILjava/lang/Object;Ljava/lang/Object;ZZ)Ljava/lang/Object; @ 91 c2
Event: 1.125 Thread 0x000001fe8f1c0000 Uncommon trap: reason=class_check action=maybe_recompile pc=0x000001fe87b168c4 method=java.util.HashMap.putVal(ILjava/lang/Object;Ljava/lang/Object;ZZ)Ljava/lang/Object; @ 91 c2
Event: 1.126 Thread 0x000001fe8f1c0000 Uncommon trap: reason=bimorphic_or_optimized_type_check action=maybe_recompile pc=0x000001fe87b25808 method=java.util.HashMap.getNode(ILjava/lang/Object;)Ljava/util/HashMap$Node; @ 59 c2
Event: 1.126 Thread 0x000001fe8f1c0000 Uncommon trap: reason=bimorphic_or_optimized_type_check action=maybe_recompile pc=0x000001fe87b25808 method=java.util.HashMap.getNode(ILjava/lang/Object;)Ljava/util/HashMap$Node; @ 59 c2
Event: 1.171 Thread 0x000001fee5b7d000 Uncommon trap: reason=unstable_if action=reinterpret pc=0x000001fe87b3278c method=java.lang.ref.SoftReference.get()Ljava/lang/Object; @ 17 c2
Event: 1.206 Thread 0x000001fee5b7d000 Uncommon trap: reason=unstable_if action=reinterpret pc=0x000001fe87b2904c method=java.lang.String.startsWith(Ljava/lang/String;I)Z @ 14 c2
Event: 1.388 Thread 0x000001fe8f36b000 Uncommon trap: reason=bimorphic_or_optimized_type_check action=maybe_recompile pc=0x000001fe87b0ecf4 method=java.util.concurrent.ConcurrentHashMap.get(Ljava/lang/Object;)Ljava/lang/Object; @ 149 c2
Event: 1.391 Thread 0x000001fe8f36b000 Uncommon trap: reason=bimorphic_or_optimized_type_check action=maybe_recompile pc=0x000001fe87b0ecf4 method=java.util.concurrent.ConcurrentHashMap.get(Ljava/lang/Object;)Ljava/lang/Object; @ 149 c2
Event: 1.403 Thread 0x000001fe8f36b000 Uncommon trap: reason=unstable_if action=reinterpret pc=0x000001fe87b504d0 method=sun.java2d.marlin.Renderer.addLine(FFFF)V @ 162 c2
Event: 1.412 Thread 0x000001fe8f36b000 Uncommon trap: reason=bimorphic_or_optimized_type_check action=maybe_recompile pc=0x000001fe87b0ecf4 method=java.util.concurrent.ConcurrentHashMap.get(Ljava/lang/Object;)Ljava/lang/Object; @ 149 c2

Classes redefined (0 events):
No events

Internal exceptions (10 events):
Event: 0.835 Thread 0x000001fee5b7d000 Exception <a 'java/lang/NoSuchMethodError'{0x00000006d1989b18}: java.lang.invoke.DirectMethodHandle$Holder.invokeStatic(Ljava/lang/Object;ILjava/lang/Object;Ljava/lang/Object;Ljava/lang/Object;)Ljava/lang/Object;> (0x00000006d1989b18) thrown at [t:/worksp
Event: 0.836 Thread 0x000001fee5b7d000 Exception <a 'java/lang/NoSuchMethodError'{0x00000006d198d810}: method resolution failed> (0x00000006d198d810) thrown at [t:/workspace/hotspot/src/share/vm/prims/methodHandles.cpp, line 1256]
Event: 0.863 Thread 0x000001fee5b7d000 Exception <a 'java/lang/ClassNotFoundException'{0x00000006d185ac48}: com/sun/swing/internal/plaf/metal/resources/spi/metalProvider> (0x00000006d185ac48) thrown at [t:/workspace/hotspot/src/share/vm/classfile/systemDictionary.cpp, line 218]
Event: 0.864 Thread 0x000001fee5b7d000 Exception <a 'java/lang/ClassNotFoundException'{0x00000006d1862bd0}: com/sun/swing/internal/plaf/basic/resources/spi/basicProvider> (0x00000006d1862bd0) thrown at [t:/workspace/hotspot/src/share/vm/classfile/systemDictionary.cpp, line 218]
Event: 1.023 Thread 0x000001fee5b7d000 Exception <a 'java/lang/NoSuchMethodError'{0x00000006d126b360}: java.lang.invoke.DirectMethodHandle$Holder.invokeInterface(Ljava/lang/Object;Ljava/lang/Object;)Ljava/lang/Object;> (0x00000006d126b360) thrown at [t:/workspace/hotspot/src/share/vm/interpret
Event: 1.026 Thread 0x000001fee5b7d000 Exception <a 'java/lang/NoSuchMethodError'{0x00000006d1288fa0}: java.lang.invoke.DirectMethodHandle$Holder.invokeInterface(Ljava/lang/Object;Ljava/lang/Object;Ljava/lang/Object;)I> (0x00000006d1288fa0) thrown at [t:/workspace/hotspot/src/share/vm/interpre
Event: 1.211 Thread 0x000001fee5b7d000 Exception <a 'java/lang/NoSuchMethodError'{0x00000006d22ac368}: java.lang.invoke.DirectMethodHandle$Holder.invokeStatic(Ljava/lang/Object;Ljava/lang/Object;Ljava/lang/Object;Ljava/lang/Object;Ljava/lang/Object;Ljava/lang/Object;Ljava/lang/Object;Ljava/lan
Event: 1.212 Thread 0x000001fee5b7d000 Exception <a 'java/lang/NoSuchMethodError'{0x00000006d22cbc30}: java.lang.invoke.DirectMethodHandle$Holder.invokeStatic(Ljava/lang/Object;Ljava/lang/Object;Ljava/lang/Object;Ljava/lang/Object;Ljava/lang/Object;Ljava/lang/Object;Ljava/lang/Object;Ljava/lan
Event: 1.214 Thread 0x000001fee5b7d000 Exception <a 'java/lang/NoSuchMethodError'{0x00000006d22ec2f0}: java.lang.invoke.DirectMethodHandle$Holder.invokeStatic(Ljava/lang/Object;Ljava/lang/Object;Ljava/lang/Object;Ljava/lang/Object;Ljava/lang/Object;Ljava/lang/Object;Ljava/lang/Object;Ljava/lan
Event: 1.294 Thread 0x000001fe8f36b000 Exception <a 'java/lang/NoSuchMethodError'{0x00000006d20b4100}: java.lang.invoke.DirectMethodHandle$Holder.invokeStatic(Ljava/lang/Object;Ljava/lang/Object;Ljava/lang/Object;Ljava/lang/Object;Ljava/lang/Object;Ljava/lang/Object;Ljava/lang/Object;Ljava/lan

Events (10 events):
Event: 1.922 loading class java/time/temporal/TemporalUnit done
Event: 1.922 loading class java/time/temporal/ChronoUnit done
Event: 1.922 loading class java/time/Duration
Event: 1.923 loading class java/time/temporal/TemporalAmount
Event: 1.923 loading class java/time/temporal/TemporalAmount done
Event: 1.923 loading class java/time/Duration done
Event: 1.923 loading class java/math/BigInteger
Event: 1.923 loading class java/math/BigInteger done
Event: 2.173 loading class gnu/io/SerialPortEvent
Event: 2.173 loading class gnu/io/SerialPortEvent done


Dynamic libraries:
0x00007ff7b7720000 - 0x00007ff7b775e000 	C:\Program Files\Java\jdk-9.0.1\bin\java.exe
0x00007fff5cfd0000 - 0x00007fff5d1b0000 	C:\WINDOWS\SYSTEM32\ntdll.dll
0x00007fff5c460000 - 0x00007fff5c50e000 	C:\WINDOWS\System32\KERNEL32.DLL
0x00007fff593d0000 - 0x00007fff59636000 	C:\WINDOWS\System32\KERNELBASE.dll
0x00007fff5aa60000 - 0x00007fff5ab01000 	C:\WINDOWS\System32\ADVAPI32.dll
0x00007fff5cea0000 - 0x00007fff5cf3d000 	C:\WINDOWS\System32\msvcrt.dll
0x00007fff5c510000 - 0x00007fff5c56b000 	C:\WINDOWS\System32\sechost.dll
0x00007fff5cba0000 - 0x00007fff5ccbf000 	C:\WINDOWS\System32\RPCRT4.dll
0x00007fff5c830000 - 0x00007fff5c9bf000 	C:\WINDOWS\System32\USER32.dll
0x00007fff59d30000 - 0x00007fff59d50000 	C:\WINDOWS\System32\win32u.dll
0x00007fff5c9d0000 - 0x00007fff5c9f8000 	C:\WINDOWS\System32\GDI32.dll
0x00007fff59b10000 - 0x00007fff59ca3000 	C:\WINDOWS\System32\gdi32full.dll
0x00007fff59860000 - 0x00007fff598fb000 	C:\WINDOWS\System32\msvcp_win.dll
0x00007fff59900000 - 0x00007fff599f6000 	C:\WINDOWS\System32\ucrtbase.dll
0x00007fff4c340000 - 0x00007fff4c5a9000 	C:\WINDOWS\WinSxS\amd64_microsoft.windows.common-controls_6595b64144ccf1df_6.0.16299.309_none_15cfd4c4935e6b11\COMCTL32.dll
0x00007fff5ab10000 - 0x00007fff5ae18000 	C:\WINDOWS\System32\combase.dll
0x00007fff59cb0000 - 0x00007fff59d22000 	C:\WINDOWS\System32\bcryptPrimitives.dll
0x00007fff54950000 - 0x00007fff5495a000 	C:\WINDOWS\SYSTEM32\VERSION.dll
0x00007fff5ae20000 - 0x00007fff5ae4d000 	C:\WINDOWS\System32\IMM32.DLL
0x00007fff58450000 - 0x00007fff58481000 	C:\WINDOWS\SYSTEM32\ntmarta.dll
0x00007fff59250000 - 0x00007fff59280000 	C:\WINDOWS\SYSTEM32\SspiCli.dll
0x00007fff29590000 - 0x00007fff2967f000 	C:\Program Files\Java\jdk-9.0.1\bin\msvcr120.dll
0x00007fff269c0000 - 0x00007fff26a66000 	C:\Program Files\Java\jdk-9.0.1\bin\msvcp120.dll
0x000000006e340000 - 0x000000006ed64000 	C:\Program Files\Java\jdk-9.0.1\bin\server\jvm.dll
0x00007fff5c9c0000 - 0x00007fff5c9c8000 	C:\WINDOWS\System32\PSAPI.DLL
0x00007fff57fc0000 - 0x00007fff57fc9000 	C:\WINDOWS\SYSTEM32\WSOCK32.dll
0x00007fff5cce0000 - 0x00007fff5cd4c000 	C:\WINDOWS\System32\WS2_32.dll
0x00007fff54730000 - 0x00007fff54753000 	C:\WINDOWS\SYSTEM32\WINMM.dll
0x00007fff54660000 - 0x00007fff5468a000 	C:\WINDOWS\SYSTEM32\winmmbase.dll
0x00007fff59810000 - 0x00007fff5985a000 	C:\WINDOWS\System32\cfgmgr32.dll
0x00007fff56350000 - 0x00007fff5635f000 	C:\Program Files\Java\jdk-9.0.1\bin\verify.dll
0x00007fff44aa0000 - 0x00007fff44ac7000 	C:\Program Files\Java\jdk-9.0.1\bin\java.dll
0x00007fff3c1a0000 - 0x00007fff3c1ca000 	C:\Program Files\Java\jdk-9.0.1\bin\instrument.dll
0x00007fff48d40000 - 0x00007fff48d56000 	C:\Program Files\Java\jdk-9.0.1\bin\zip.dll
0x00007fff54da0000 - 0x00007fff54daa000 	C:\Program Files\Java\jdk-9.0.1\bin\jimage.dll
0x00007fff5b020000 - 0x00007fff5c456000 	C:\WINDOWS\System32\SHELL32.dll
0x00007fff5c610000 - 0x00007fff5c6b6000 	C:\WINDOWS\System32\shcore.dll
0x00007fff59d50000 - 0x00007fff5a497000 	C:\WINDOWS\System32\windows.storage.dll
0x00007fff5c7d0000 - 0x00007fff5c821000 	C:\WINDOWS\System32\shlwapi.dll
0x00007fff59360000 - 0x00007fff59371000 	C:\WINDOWS\System32\kernel.appcore.dll
0x00007fff59380000 - 0x00007fff593cc000 	C:\WINDOWS\System32\powrprof.dll
0x00007fff59340000 - 0x00007fff5935b000 	C:\WINDOWS\System32\profapi.dll
0x00007fff48c00000 - 0x00007fff48c1a000 	C:\Program Files\Java\jdk-9.0.1\bin\net.dll
0x00007fff524d0000 - 0x00007fff525ae000 	C:\WINDOWS\SYSTEM32\WINHTTP.dll
0x00007fff58bb0000 - 0x00007fff58c16000 	C:\WINDOWS\system32\mswsock.dll
0x00007fff48290000 - 0x00007fff482a1000 	C:\Program Files\Java\jdk-9.0.1\bin\nio.dll
0x00007fff40860000 - 0x00007fff4087a000 	C:\Program Files\JetBrains\IntelliJ IDEA 2017.2.6\bin\breakgen64.dll
0x00007fff1ba90000 - 0x00007fff1bc29000 	C:\Program Files\Java\jdk-9.0.1\bin\awt.dll
0x00007fff5cd50000 - 0x00007fff5ce15000 	C:\WINDOWS\System32\OLEAUT32.dll
0x00007fff55ba0000 - 0x00007fff56158000 	C:\WINDOWS\SYSTEM32\d2d1.dll
0x00007fff59640000 - 0x00007fff5980e000 	C:\WINDOWS\System32\CRYPT32.dll
0x00007fff59320000 - 0x00007fff59332000 	C:\WINDOWS\System32\MSASN1.dll
0x00007fff56b40000 - 0x00007fff56bc8000 	C:\WINDOWS\SYSTEM32\apphelp.dll
0x0000000180000000 - 0x0000000180025000 	C:\Users\josea\Documents\GitHub\JFreeChart-Graph\lib\rxtxSerial.dll
0x00007fff57a10000 - 0x00007fff57a3a000 	C:\WINDOWS\system32\DWMAPI.DLL
0x00007fff56d70000 - 0x00007fff56e05000 	C:\WINDOWS\system32\uxtheme.dll
0x00007fff47f10000 - 0x00007fff4802e000 	C:\WINDOWS\system32\opengl32.dll
0x00007fff53c10000 - 0x00007fff53c3c000 	C:\WINDOWS\SYSTEM32\GLU32.dll
0x00007fff5ae50000 - 0x00007fff5afb7000 	C:\WINDOWS\System32\MSCTF.dll
0x00007fff5a4a0000 - 0x00007fff5a5e9000 	C:\WINDOWS\System32\ole32.dll
0x00007fff23890000 - 0x00007fff2392d000 	C:\Program Files\Java\jdk-9.0.1\bin\fontmanager.dll
0x00007fff4e7e0000 - 0x00007fff4e878000 	C:\WINDOWS\System32\TextInputFramework.dll
0x00007fff52870000 - 0x00007fff52b5e000 	C:\WINDOWS\System32\CoreUIComponents.dll
0x00007fff56160000 - 0x00007fff5623c000 	C:\WINDOWS\System32\CoreMessaging.dll
0x00007fff54de0000 - 0x00007fff54f16000 	C:\WINDOWS\SYSTEM32\wintypes.dll
0x00007fff30840000 - 0x00007fff30882000 	C:\Program Files\Java\jdk-9.0.1\bin\t2k.dll
0x00007fff57cb0000 - 0x00007fff57e78000 	C:\WINDOWS\SYSTEM32\dbghelp.dll

VM Arguments:
jvm_args: -Djava.library.path=C:\Users\josea\Documents\GitHub\JFreeChart-Graph\lib -javaagent:C:\Program Files\JetBrains\IntelliJ IDEA 2017.2.6\lib\idea_rt.jar=59851:C:\Program Files\JetBrains\IntelliJ IDEA 2017.2.6\bin -Dfile.encoding=UTF-8 
java_command: com.company.DynamicDataDemo
java_class_path (initial): C:\Users\josea\Documents\GitHub\JFreeChart-Graph\out\production\JFreeChart Graph;C:\Users\josea\Documents\GitHub\JFreeChart-Graph\lib\jcommon-1.0.23.jar;C:\Users\josea\Documents\GitHub\JFreeChart-Graph\lib\jfreechart-1.0.19.jar;C:\Users\josea\Documents\GitHub\JFreeChart-Graph\lib\RXTXcomm.jar
Launcher Type: SUN_STANDARD

Logging:
Log output configuration:
#0: stdout all=warning uptime,level,tags
#1: stderr all=off uptime,level,tags

Environment Variables:
PATH=C:\ProgramData\Oracle\Java\javapath;C:\Program Files (x86)\Intel\iCLS Client\;C:\Program Files\Intel\iCLS Client\;C:\windows\system32;C:\windows;C:\windows\System32\Wbem;C:\windows\System32\WindowsPowerShell\v1.0\;C:\Program Files (x86)\Intel\Intel(R) Management Engine Components\DAL;C:\Program Files\Intel\Intel(R) Management Engine Components\DAL;C:\Program Files (x86)\Intel\Intel(R) Management Engine Components\IPT;C:\Program Files\Intel\Intel(R) Management Engine Components\IPT;c:\Program Files\Intel\WiFi\bin\;c:\Program Files\Common Files\Intel\WirelessCommon\;C:\Program Files\Intel\IntelSGXPSW\bin\x64\Release\;C:\Program Files\Intel\IntelSGXPSW\bin\win32\Release\;C:\WINDOWS\system32;C:\WINDOWS;C:\WINDOWS\System32\Wbem;C:\WINDOWS\System32\WindowsPowerShell\v1.0\;C:\Program Files\Microsoft SQL Server\130\Tools\Binn\;C:\Program Files\dotnet\;C:\Program Files (x86)\NVIDIA Corporation\PhysX\Common;C:\Users\josea\AppData\Local\Programs\Python\Python35-32\Scripts\;C:\Users\josea\AppData\Local\Programs\Python\Python35-32\;C:\Users\josea\AppData\Local\Microsoft\WindowsApps;C:\Users\josea\AppData\Local\GitHubDesktop\bin
USERNAME=josea
OS=Windows_NT
PROCESSOR_IDENTIFIER=Intel64 Family 6 Model 94 Stepping 3, GenuineIntel



---------------  S Y S T E M  ---------------

OS: Windows 10 , 64 bit Build 16299 (10.0.16299.15)

CPU:total 8 (initial active 8) (4 cores per cpu, 2 threads per core) family 6 model 94 stepping 3, cmov, cx8, fxsr, mmx, sse, sse2, sse3, ssse3, sse4.1, sse4.2, popcnt, avx, avx2, aes, clmul, erms, rtm, 3dnowpref, lzcnt, ht, tsc, tscinvbit, bmi1, bmi2, adx, fma

Memory: 4k page, physical 16612064k(8687936k free), swap 19102432k(8779036k free)

vm_info: Java HotSpot(TM) 64-Bit Server VM (9.0.1+11) for windows-amd64 JRE (9.0.1+11), built on Sep 28 2017 04:54:03 by "mach5one" with MS VC++ 12.0 (VS2013)

END.
